# JRE version: Java(TM) SE Runtime Environment (8.0_291-b10) (build 1.8.0_291-b10)
# Java VM: Java HotSpot(TM) 64-Bit Server VM (25.291-b10 mixed mode windows-amd64 compressed oops)
Heap:
 PSYoungGen      total 272896K, used 244815K [0x00000000eab00000, 0x00000000fc000000, 0x0000000100000000)
  eden space 262144K, 93% used [0x00000000eab00000,0x00000000f9a13c30,0x00000000fab00000)
  from space 10752K, 0% used [0x00000000fab00000,0x00000000fab00000,0x00000000fb580000)
  to   space 10752K, 0% used [0x00000000fb580000,0x00000000fb580000,0x00000000fc000000)
 ParOldGen       total 175104K, used 55783K [0x00000000c0000000, 0x00000000cab00000, 0x00000000eab00000)
  object space 175104K, 31% used [0x00000000c0000000,0x00000000c3679cd8,0x00000000cab00000)
 Metaspace       used 13595K, capacity 14238K, committed 14336K, reserved 1060864K
  class space    used 2048K, capacity 2214K, committed 2304K, reserved 1048576K
GC Heap History (10 events):
Event: 4.579 GC heap before
{Heap before GC invocations=26 (full 11):
 PSYoungGen      total 141824K, used 131072K [0x00000000eab00000, 0x00000000f4000000, 0x0000000100000000)
  eden space 131072K, 100% used [0x00000000eab00000,0x00000000f2b00000,0x00000000f2b00000)
  from space 10752K, 0% used [0x00000000f3580000,0x00000000f3580000,0x00000000f4000000)
  to   space 10752K, 0% used [0x00000000f2b00000,0x00000000f2b00000,0x00000000f3580000)
 ParOldGen       total 175104K, used 26757K [0x00000000c0000000, 0x00000000cab00000, 0x00000000eab00000)
  object space 175104K, 15% used [0x00000000c0000000,0x00000000c1a214d8,0x00000000cab00000)
 Metaspace       used 13307K, capacity 13880K, committed 13952K, reserved 1060864K
  class space    used 1995K, capacity 2142K, committed 2176K, reserved 1048576K
Event: 4.601 GC heap after
Heap after GC invocations=26 (full 11):
 PSYoungGen      total 141824K, used 10720K [0x00000000eab00000, 0x00000000fc000000, 0x0000000100000000)
  eden space 131072K, 0% used [0x00000000eab00000,0x00000000eab00000,0x00000000f2b00000)
  from space 10752K, 99% used [0x00000000f2b00000,0x00000000f3578028,0x00000000f3580000)
  to   space 10752K, 0% used [0x00000000fb580000,0x00000000fb580000,0x00000000fc000000)
 ParOldGen       total 175104K, used 38976K [0x00000000c0000000, 0x00000000cab00000, 0x00000000eab00000)
  object space 175104K, 22% used [0x00000000c0000000,0x00000000c26101e0,0x00000000cab00000)
 Metaspace       used 13307K, capacity 13880K, committed 13952K, reserved 1060864K
  class space    used 1995K, capacity 2142K, committed 2176K, reserved 1048576K
}
Event: 4.640 GC heap before
{Heap before GC invocations=27 (full 11):
 PSYoungGen      total 141824K, used 52255K [0x00000000eab00000, 0x00000000fc000000, 0x0000000100000000)
  eden space 131072K, 31% used [0x00000000eab00000,0x00000000ed38fc70,0x00000000f2b00000)
  from space 10752K, 99% used [0x00000000f2b00000,0x00000000f3578028,0x00000000f3580000)
  to   space 10752K, 0% used [0x00000000fb580000,0x00000000fb580000,0x00000000fc000000)
 ParOldGen       total 175104K, used 38976K [0x00000000c0000000, 0x00000000cab00000, 0x00000000eab00000)
  object space 175104K, 22% used [0x00000000c0000000,0x00000000c26101e0,0x00000000cab00000)
 Metaspace       used 13307K, capacity 13880K, committed 13952K, reserved 1060864K
  class space    used 1995K, capacity 2142K, committed 2176K, reserved 1048576K
Event: 4.653 GC heap after
Heap after GC invocations=27 (full 11):
 PSYoungGen      total 272896K, used 10720K [0x00000000eab00000, 0x00000000fc000000, 0x0000000100000000)
  eden space 262144K, 0% used [0x00000000eab00000,0x00000000eab00000,0x00000000fab00000)
  from space 10752K, 99% used [0x00000000fb580000,0x00000000fbff8028,0x00000000fc000000)
  to   space 10752K, 0% used [0x00000000fab00000,0x00000000fab00000,0x00000000fb580000)
 ParOldGen       total 175104K, used 44232K [0x00000000c0000000, 0x00000000cab00000, 0x00000000eab00000)
  object space 175104K, 25% used [0x00000000c0000000,0x00000000c2b321e0,0x00000000cab00000)
 Metaspace       used 13307K, capacity 13880K, committed 13952K, reserved 1060864K
  class space    used 1995K, capacity 2142K, committed 2176K, reserved 1048576K
}
Event: 4.653 GC heap before
{Heap before GC invocations=28 (full 12):
 PSYoungGen      total 272896K, used 10720K [0x00000000eab00000, 0x00000000fc000000, 0x0000000100000000)
  eden space 262144K, 0% used [0x00000000eab00000,0x00000000eab00000,0x00000000fab00000)
  from space 10752K, 99% used [0x00000000fb580000,0x00000000fbff8028,0x00000000fc000000)
  to   space 10752K, 0% used [0x00000000fab00000,0x00000000fab00000,0x00000000fb580000)
 ParOldGen       total 175104K, used 44232K [0x00000000c0000000, 0x00000000cab00000, 0x00000000eab00000)
  object space 175104K, 25% used [0x00000000c0000000,0x00000000c2b321e0,0x00000000cab00000)
 Metaspace       used 13307K, capacity 13880K, committed 13952K, reserved 1060864K
  class space    used 1995K, capacity 2142K, committed 2176K, reserved 1048576K
Event: 4.834 GC heap after
Heap after GC invocations=28 (full 12):
 PSYoungGen      total 272896K, used 0K [0x00000000eab00000, 0x00000000fc000000, 0x0000000100000000)
  eden space 262144K, 0% used [0x00000000eab00000,0x00000000eab00000,0x00000000fab00000)
  from space 10752K, 0% used [0x00000000fb580000,0x00000000fb580000,0x00000000fc000000)
  to   space 10752K, 0% used [0x00000000fab00000,0x00000000fab00000,0x00000000fb580000)
 ParOldGen       total 175104K, used 53285K [0x00000000c0000000, 0x00000000cab00000, 0x00000000eab00000)
  object space 175104K, 30% used [0x00000000c0000000,0x00000000c34095b8,0x00000000cab00000)
 Metaspace       used 13307K, capacity 13880K, committed 13952K, reserved 1060864K
  class space    used 1995K, capacity 2142K, committed 2176K, reserved 1048576K
}
Event: 4.877 GC heap before
{Heap before GC invocations=29 (full 12):
 PSYoungGen      total 272896K, used 26280K [0x00000000eab00000, 0x00000000fc000000, 0x0000000100000000)
  eden space 262144K, 10% used [0x00000000eab00000,0x00000000ec4aa360,0x00000000fab00000)
  from space 10752K, 0% used [0x00000000fb580000,0x00000000fb580000,0x00000000fc000000)
  to   space 10752K, 0% used [0x00000000fab00000,0x00000000fab00000,0x00000000fb580000)
 ParOldGen       total 175104K, used 53285K [0x00000000c0000000, 0x00000000cab00000, 0x00000000eab00000)
  object space 175104K, 30% used [0x00000000c0000000,0x00000000c34095b8,0x00000000cab00000)
 Metaspace       used 13362K, capacity 13920K, committed 14080K, reserved 1060864K
  class space    used 2029K, capacity 2177K, committed 2304K, reserved 1048576K
Event: 4.880 GC heap after
Heap after GC invocations=29 (full 12):
 PSYoungGen      total 272896K, used 2784K [0x00000000eab00000, 0x00000000fc000000, 0x0000000100000000)
  eden space 262144K, 0% used [0x00000000eab00000,0x00000000eab00000,0x00000000fab00000)
  from space 10752K, 25% used [0x00000000fab00000,0x00000000fadb8000,0x00000000fb580000)
  to   space 10752K, 0% used [0x00000000fb580000,0x00000000fb580000,0x00000000fc000000)
 ParOldGen       total 175104K, used 53285K [0x00000000c0000000, 0x00000000cab00000, 0x00000000eab00000)
  object space 175104K, 30% used [0x00000000c0000000,0x00000000c34095b8,0x00000000cab00000)
 Metaspace       used 13362K, capacity 13920K, committed 14080K, reserved 1060864K
  class space    used 2029K, capacity 2177K, committed 2304K, reserved 1048576K
}
Event: 4.880 GC heap before
{Heap before GC invocations=30 (full 13):
 PSYoungGen      total 272896K, used 2784K [0x00000000eab00000, 0x00000000fc000000, 0x0000000100000000)
  eden space 262144K, 0% used [0x00000000eab00000,0x00000000eab00000,0x00000000fab00000)
  from space 10752K, 25% used [0x00000000fab00000,0x00000000fadb8000,0x00000000fb580000)
  to   space 10752K, 0% used [0x00000000fb580000,0x00000000fb580000,0x00000000fc000000)
 ParOldGen       total 175104K, used 53285K [0x00000000c0000000, 0x00000000cab00000, 0x00000000eab00000)
  object space 175104K, 30% used [0x00000000c0000000,0x00000000c34095b8,0x00000000cab00000)
 Metaspace       used 13362K, capacity 13920K, committed 14080K, reserved 1060864K
  class space    used 2029K, capacity 2177K, committed 2304K, reserved 1048576K
Event: 5.107 GC heap after
Heap after GC invocations=30 (full 13):
 PSYoungGen      total 272896K, used 0K [0x00000000eab00000, 0x00000000fc000000, 0x0000000100000000)
  eden space 262144K, 0% used [0x00000000eab00000,0x00000000eab00000,0x00000000fab00000)
  from space 10752K, 0% used [0x00000000fab00000,0x00000000fab00000,0x00000000fb580000)
  to   space 10752K, 0% used [0x00000000fb580000,0x00000000fb580000,0x00000000fc000000)
 ParOldGen       total 175104K, used 55783K [0x00000000c0000000, 0x00000000cab00000, 0x00000000eab00000)
  object space 175104K, 31% used [0x00000000c0000000,0x00000000c3679cd8,0x00000000cab00000)
 Metaspace       used 13362K, capacity 13920K, committed 14080K, reserved 1060864K
  class space    used 2029K, capacity 2177K, committed 2304K, reserved 1048576K
}

